<?xml version="1.0" encoding="UTF-8"?>
<!-- Generated by org.testng.reporters.JUnitReportReporter -->
<testsuite hostname="LAPTOP-QMGPGMLP" failures="0" tests="1" name="com.crm.practice.ReadFromXml" time="0.013" errors="0" timestamp="2021-09-14T17:48:28 IST" skipped="0">
  <testcase classname="com.crm.practice.ReadFromXml" name="readDataFromXml" time="0.013"/>
  <system-out/>
</testsuite> <!-- com.crm.practice.ReadFromXml -->
