<?xml version="1.0" encoding="UTF-8"?>
<!-- Generated by org.testng.reporters.JUnitReportReporter -->
<testsuite hostname="LAPTOP-QMGPGMLP" failures="0" tests="1" name="com.crm.autodesk.ContactTest.TC_20_SendiningmaleMultipleContactse" time="13.098" errors="0" timestamp="2021-09-21T14:03:15 IST" skipped="0">
  <testcase classname="com.crm.autodesk.ContactTest.TC_20_SendiningmaleMultipleContactse" name="sendAMailToSelectedContact" time="13.098"/>
  <system-out/>
</testsuite> <!-- com.crm.autodesk.ContactTest.TC_20_SendiningmaleMultipleContactse -->
