<?xml version="1.0" encoding="UTF-8"?>
<!-- Generated by org.testng.reporters.JUnitReportReporter -->
<testsuite hostname="LAPTOP-QMGPGMLP" failures="0" tests="1" name="com.crm.autodesk.ContactTest.TC_16_ViewContact" time="10.752" errors="0" timestamp="2021-09-21T14:01:13 IST" skipped="0">
  <testcase classname="com.crm.autodesk.ContactTest.TC_16_ViewContact" name="ViewContact" time="10.752"/>
  <system-out/>
</testsuite> <!-- com.crm.autodesk.ContactTest.TC_16_ViewContact -->
