<?xml version="1.0" encoding="UTF-8"?>
<!-- Generated by org.testng.reporters.JUnitReportReporter -->
<testsuite hostname="LAPTOP-QMGPGMLP" failures="0" tests="1" name="com.crm.autodesk.ContactTest.TC_19_SendmailwithoutSelectContact" time="11.000" errors="0" timestamp="2021-09-21T14:03:56 IST" skipped="0">
  <testcase classname="com.crm.autodesk.ContactTest.TC_19_SendmailwithoutSelectContact" name="sendmailWithoutClickContact" time="11.000"/>
  <system-out/>
</testsuite> <!-- com.crm.autodesk.ContactTest.TC_19_SendmailwithoutSelectContact -->
